[2019-08-20 20:29:30,081]-log.py[line:35]-fuc:__console-INFO:直接点击保存按钮
[2019-08-20 20:29:30,120]-log.py[line:35]-fuc:__console-INFO:测试省份必填通过
[2019-08-20 20:29:52,014]-log.py[line:35]-fuc:__console-INFO:直接点击保存按钮
[2019-08-20 20:30:14,644]-log.py[line:35]-fuc:__console-INFO:直接点击保存按钮
[2019-08-20 20:30:14,680]-log.py[line:35]-fuc:__console-INFO:测试有效期必填通过
[2019-08-20 20:30:38,154]-log.py[line:35]-fuc:__console-INFO:直接点击保存按钮
[2019-08-20 20:30:38,211]-log.py[line:35]-fuc:__console-INFO:企业类型必填测试通过
[2019-08-20 20:30:59,559]-log.py[line:35]-fuc:__console-INFO:直接点击保存按钮
[2019-08-20 20:30:59,598]-log.py[line:35]-fuc:__console-INFO:测试联系人必填测试通过
[2019-08-20 20:31:21,021]-log.py[line:35]-fuc:__console-INFO:直接点击保存按钮
[2019-08-20 20:31:21,060]-log.py[line:35]-fuc:__console-INFO:联系电话必填测试通过
[2019-08-20 20:31:43,180]-log.py[line:35]-fuc:__console-INFO:直接点击保存按钮
[2019-08-20 20:31:43,207]-log.py[line:35]-fuc:__console-INFO:所属上级测试通过
[2019-08-20 20:32:05,204]-log.py[line:35]-fuc:__console-INFO:直接点击保存按钮
[2019-08-20 20:32:05,243]-log.py[line:35]-fuc:__console-INFO:测试所属行业必填通过
[2019-08-20 20:32:26,787]-log.py[line:35]-fuc:__console-INFO:-------测试用例开始--------
[2019-08-20 20:32:26,840]-log.py[line:35]-fuc:__console-INFO:测试结束
[2019-08-20 20:32:29,304]-log.py[line:35]-fuc:__console-INFO:关闭浏览器，测试用例退出
[2019-08-20 20:32:38,336]-log.py[line:35]-fuc:__console-INFO:--用户名和密码正确测试用例开始--
[2019-08-20 20:32:48,753]-log.py[line:35]-fuc:__console-INFO:开始断言
[2019-08-20 20:32:48,830]-log.py[line:35]-fuc:__console-INFO:断言通过
[2019-08-20 20:32:51,333]-log.py[line:35]-fuc:__console-INFO:--测试结束--
[2019-08-20 20:33:00,824]-log.py[line:35]-fuc:__console-INFO:--用户名正确密码错误测试用例开始--
[2019-08-20 20:33:07,170]-log.py[line:35]-fuc:__console-INFO:开始断言
[2019-08-20 20:33:07,269]-log.py[line:35]-fuc:__console-INFO:断言通过
[2019-08-20 20:33:07,269]-log.py[line:35]-fuc:__console-INFO:测试通过
[2019-08-20 20:33:09,375]-log.py[line:35]-fuc:__console-INFO:--测试结束--
