[2019-08-21 19:33:59,761]-log.py[line:35]-fuc:__console-INFO:直接点击保存按钮
[2019-08-21 19:33:59,796]-log.py[line:35]-fuc:__console-INFO:测试省份必填通过
[2019-08-21 19:34:22,656]-log.py[line:35]-fuc:__console-INFO:直接点击保存按钮
[2019-08-21 19:34:44,283]-log.py[line:35]-fuc:__console-INFO:直接点击保存按钮
[2019-08-21 19:34:44,313]-log.py[line:35]-fuc:__console-INFO:测试有效期必填通过
[2019-08-21 19:35:06,825]-log.py[line:35]-fuc:__console-INFO:直接点击保存按钮
[2019-08-21 19:35:06,870]-log.py[line:35]-fuc:__console-INFO:测试企业类型必填通过
[2019-08-21 19:35:29,576]-log.py[line:35]-fuc:__console-INFO:直接点击保存按钮
[2019-08-21 19:35:29,619]-log.py[line:35]-fuc:__console-INFO:测试联系人必填通过
[2019-08-21 19:35:52,794]-log.py[line:35]-fuc:__console-INFO:直接点击保存按钮
[2019-08-21 19:35:52,842]-log.py[line:35]-fuc:__console-INFO:测试联系电话必填
[2019-08-21 19:36:14,418]-log.py[line:35]-fuc:__console-INFO:直接点击保存按钮
[2019-08-21 19:36:14,447]-log.py[line:35]-fuc:__console-INFO:测试所属上级必填通过
[2019-08-21 19:36:36,860]-log.py[line:35]-fuc:__console-INFO:直接点击保存按钮
[2019-08-21 19:36:36,905]-log.py[line:35]-fuc:__console-INFO:测试所属行业必填
[2019-08-21 19:36:57,918]-log.py[line:35]-fuc:__console-INFO:-------测试用例开始--------
[2019-08-21 19:36:57,962]-log.py[line:35]-fuc:__console-INFO:测试结束
[2019-08-21 19:37:00,691]-log.py[line:35]-fuc:__console-INFO:关闭浏览器，测试用例退出
[2019-08-21 19:37:09,660]-log.py[line:35]-fuc:__console-INFO:--用户名和密码正确测试用例开始--
[2019-08-21 19:37:20,758]-log.py[line:35]-fuc:__console-INFO:开始断言
[2019-08-21 19:37:20,798]-log.py[line:35]-fuc:__console-INFO:断言通过
[2019-08-21 19:37:23,268]-log.py[line:35]-fuc:__console-INFO:--测试结束--
[2019-08-21 19:37:32,692]-log.py[line:35]-fuc:__console-INFO:--用户名正确密码错误测试用例开始--
[2019-08-21 19:37:39,115]-log.py[line:35]-fuc:__console-INFO:开始断言
[2019-08-21 19:37:39,159]-log.py[line:35]-fuc:__console-INFO:断言通过
[2019-08-21 19:37:39,160]-log.py[line:35]-fuc:__console-INFO:测试通过
[2019-08-21 19:37:41,254]-log.py[line:35]-fuc:__console-INFO:--测试结束--
