[2019-08-21 19:28:19,183]-log.py[line:35]-fuc:__console-INFO:直接点击保存按钮
[2019-08-21 19:28:41,146]-log.py[line:35]-fuc:__console-INFO:直接点击保存按钮
[2019-08-21 19:29:03,687]-log.py[line:35]-fuc:__console-INFO:直接点击保存按钮
[2019-08-21 19:29:25,794]-log.py[line:35]-fuc:__console-INFO:直接点击保存按钮
[2019-08-21 19:29:48,080]-log.py[line:35]-fuc:__console-INFO:直接点击保存按钮
[2019-08-21 19:30:09,553]-log.py[line:35]-fuc:__console-INFO:直接点击保存按钮
[2019-08-21 19:30:32,682]-log.py[line:35]-fuc:__console-INFO:直接点击保存按钮
[2019-08-21 19:30:54,713]-log.py[line:35]-fuc:__console-INFO:直接点击保存按钮
[2019-08-21 19:31:15,822]-log.py[line:35]-fuc:__console-INFO:-------测试用例开始--------
[2019-08-21 19:31:15,857]-log.py[line:35]-fuc:__console-INFO:测试结束
[2019-08-21 19:31:18,627]-log.py[line:35]-fuc:__console-INFO:关闭浏览器，测试用例退出
[2019-08-21 19:31:28,142]-log.py[line:35]-fuc:__console-INFO:--用户名和密码正确测试用例开始--
[2019-08-21 19:31:38,796]-log.py[line:35]-fuc:__console-INFO:开始断言
[2019-08-21 19:31:38,840]-log.py[line:35]-fuc:__console-INFO:断言通过
[2019-08-21 19:31:41,478]-log.py[line:35]-fuc:__console-INFO:--测试结束--
[2019-08-21 19:31:51,242]-log.py[line:35]-fuc:__console-INFO:--用户名正确密码错误测试用例开始--
[2019-08-21 19:31:57,547]-log.py[line:35]-fuc:__console-INFO:开始断言
[2019-08-21 19:31:57,602]-log.py[line:35]-fuc:__console-INFO:断言通过
[2019-08-21 19:31:57,602]-log.py[line:35]-fuc:__console-INFO:测试通过
[2019-08-21 19:31:59,880]-log.py[line:35]-fuc:__console-INFO:--测试结束--
